CampingDiary/app/build/intermediates/manifest_merge_blame_file/release/manifest-merger-blame-release-report.txt
1<?xml version="1.0" encoding="utf-8"?>
2<manifest xmlns:android="http://schemas.android.com/apk/res/android"
3    package="com.secucen.appiron.campingdiary"
4    android:versionCode="1"
5    android:versionName="2.11.3" >
6
7    <uses-sdk
8        android:minSdkVersion="16"
8-->src\main\AndroidManifest.xml
9        android:targetSdkVersion="28" />
9-->src\main\AndroidManifest.xml
10
11    <uses-permission android:name="android.permission.INTERNET" />
11-->src\main\AndroidManifest.xml:5:5-67
11-->src\main\AndroidManifest.xml:5:22-64
12
13    <application
13-->src\main\AndroidManifest.xml:7:5-37:19
14        android:allowBackup="true"
14-->src\main\AndroidManifest.xml:8:9-35
15        android:appComponentFactory="android.support.v4.app.CoreComponentFactory"
15-->[com.android.support:support-compat:28.0.0] AndroidManifest.xml:22:18-91
16        android:icon="@mipmap/ic_launcher"
16-->src\main\AndroidManifest.xml:9:9-43
17        android:label="@string/app_name"
17-->src\main\AndroidManifest.xml:10:9-41
18        android:theme="@style/AppTheme" >
18-->src\main\AndroidManifest.xml:11:9-40
19        <activity
19-->src\main\AndroidManifest.xml:12:9-19:20
20            android:name="com.secucen.appiron.campingdiary.SplashActivity"
20-->src\main\AndroidManifest.xml:13:13-43
21            android:theme="@style/SplashTheme" >
21-->src\main\AndroidManifest.xml:14:13-47
22            <intent-filter>
22-->src\main\AndroidManifest.xml:15:13-18:29
23                <action android:name="android.intent.action.MAIN" />
23-->src\main\AndroidManifest.xml:16:17-69
23-->src\main\AndroidManifest.xml:16:25-66
24
25                <category android:name="android.intent.category.LAUNCHER" />
25-->src\main\AndroidManifest.xml:17:17-77
25-->src\main\AndroidManifest.xml:17:27-74
26            </intent-filter>
27        </activity>
28        <activity
28-->src\main\AndroidManifest.xml:20:9-22:54
29            android:name="com.secucen.appiron.campingdiary.VisitActivity"
29-->src\main\AndroidManifest.xml:21:13-42
30            android:theme="@style/Theme.AppCompat" />
30-->src\main\AndroidManifest.xml:22:13-51
31        <activity
31-->src\main\AndroidManifest.xml:23:9-30:20
32            android:name="com.secucen.appiron.campingdiary.MainActivity"
32-->src\main\AndroidManifest.xml:24:13-41
33            android:label="@string/app_name" >
33-->src\main\AndroidManifest.xml:25:13-45
34            <intent-filter>
34-->src\main\AndroidManifest.xml:26:13-29:29
35                <action android:name="android.intent.action.MAIN" />
35-->src\main\AndroidManifest.xml:16:17-69
35-->src\main\AndroidManifest.xml:16:25-66
36                <!-- <category android:name="android.intent.category.LAUNCHER" /> -->
37            </intent-filter>
38        </activity>
39
40        <service
40-->src\main\AndroidManifest.xml:32:9-36:52
41            android:name="com.barun.appiron.android.service.AppIronService"
41-->src\main\AndroidManifest.xml:33:13-76
42            android:enabled="true"
42-->src\main\AndroidManifest.xml:34:13-35
43            android:isolatedProcess="true"
43-->src\main\AndroidManifest.xml:35:13-43
44            android:process=":tmpAppIronService" />
44-->src\main\AndroidManifest.xml:36:13-49
45    </application>
46
47</manifest>